<?xml version="1.0" encoding="UTF-8" standalone="no"?>
<testsuite errors="0" failures="1" name="io.cucumber.core.plugin.JUnitFormatter" skipped="0" tests="1" time="9.267">
    <testcase classname="Amazon Search" name="TC03 kullanici amazonda Nutella aratir" time="8.884">
        <failure message="no such window: target window already closed&#10;from unknown error: web view not found&#10;  (Session info: chrome=109.0.5414.120)&#10;Build info: version: '4.1.3', revision: '7b1ebf28ef'&#10;System info: host: 'FATIHISI', ip: '10.212.134.120', os.name: 'Windows 10', os.arch: 'amd64', os.version: '10.0', java.version: '11.0.17'&#10;Driver info: org.openqa.selenium.chrome.ChromeDriver&#10;Command: [a50b4f0380514b903b89baa95bde5f95, findElement {using=xpath, value=(//input)[2]}]&#10;Capabilities {acceptInsecureCerts: false, browserName: chrome, browserVersion: 109.0.5414.120, chrome: {chromedriverVersion: 109.0.5414.74 (e7c5703604da..., userDataDir: C:\Users\ASUS\AppData\Local...}, goog:chromeOptions: {debuggerAddress: localhost:60793}, javascriptEnabled: true, networkConnectionEnabled: false, pageLoadStrategy: normal, platform: WINDOWS, platformName: WINDOWS, proxy: Proxy(), se:cdp: ws://localhost:60793/devtoo..., se:cdpVersion: 109.0.5414.120, setWindowRect: true, strictFileInteractability: false, timeouts: {implicit: 0, pageLoad: 300000, script: 30000}, unhandledPromptBehavior: dismiss and notify, webauthn:extension:credBlob: true, webauthn:extension:largeBlob: true, webauthn:virtualAuthenticators: true}&#10;Session ID: a50b4f0380514b903b89baa95bde5f95" type="org.openqa.selenium.NoSuchWindowException">
            <![CDATA[Given Kullanici "https://sso.catchprobe.com/"  adresine gidilir.............failed
When Kullanıcı Darkmap modulüne gider.......................................skipped
Then Darkmap de Staticts sayfasına ulaşır...................................skipped
When Kullanıcı Threatway modulüne gider.....................................skipped
And Threatway de Statics sayfasına ulaşır...................................skipped
When Kullanıcı Smartdeceptive modulüne gider................................skipped
Then Smartdeceptive de Home sayfasına ulaşır................................skipped
When SmartDecepitve Deception Operations bölümüne gelir.....................skipped
And SmartDeceptive de zone definitions da status ve ruuning durumlarını kontrol eder.skipped
And SmartDeceptive de zone definitions da herhangi bir aksaklık yok.........skipped
And SmartDeceptive de Honeypot Definitions da status ve ruuning durumlarını kontrol eder.skipped
And SmartDeceptive de Honeypot Definitions da herhangi bir aksaklık yok.....skipped
And Kullanıcı CrimeGround sayfasına ulaşır..................................skipped
And Arama kısmına keyword ekleyip sonuçları gördürür........................skipped
And Kullanıcı LeakMap sayfasına ulaşır......................................skipped
And Dashboard bölümüne gelir Data Leak Fields kısmını görür.................skipped
Then sayfayi kapatir........................................................skipped

StackTrace:
org.openqa.selenium.NoSuchWindowException: no such window: target window already closed
from unknown error: web view not found
  (Session info: chrome=109.0.5414.120)
Build info: version: '4.1.3', revision: '7b1ebf28ef'
System info: host: 'FATIHISI', ip: '10.212.134.120', os.name: 'Windows 10', os.arch: 'amd64', os.version: '10.0', java.version: '11.0.17'
Driver info: org.openqa.selenium.chrome.ChromeDriver
Command: [a50b4f0380514b903b89baa95bde5f95, findElement {using=xpath, value=(//input)[2]}]
Capabilities {acceptInsecureCerts: false, browserName: chrome, browserVersion: 109.0.5414.120, chrome: {chromedriverVersion: 109.0.5414.74 (e7c5703604da..., userDataDir: C:\Users\ASUS\AppData\Local...}, goog:chromeOptions: {debuggerAddress: localhost:60793}, javascriptEnabled: true, networkConnectionEnabled: false, pageLoadStrategy: normal, platform: WINDOWS, platformName: WINDOWS, proxy: Proxy(), se:cdp: ws://localhost:60793/devtoo..., se:cdpVersion: 109.0.5414.120, setWindowRect: true, strictFileInteractability: false, timeouts: {implicit: 0, pageLoad: 300000, script: 30000}, unhandledPromptBehavior: dismiss and notify, webauthn:extension:credBlob: true, webauthn:extension:largeBlob: true, webauthn:virtualAuthenticators: true}
Session ID: a50b4f0380514b903b89baa95bde5f95
	at java.base/jdk.internal.reflect.NativeConstructorAccessorImpl.newInstance0(Native Method)
	at java.base/jdk.internal.reflect.NativeConstructorAccessorImpl.newInstance(NativeConstructorAccessorImpl.java:62)
	at java.base/jdk.internal.reflect.DelegatingConstructorAccessorImpl.newInstance(DelegatingConstructorAccessorImpl.java:45)
	at java.base/java.lang.reflect.Constructor.newInstance(Constructor.java:490)
	at org.openqa.selenium.remote.codec.w3c.W3CHttpResponseCodec.createException(W3CHttpResponseCodec.java:200)
	at org.openqa.selenium.remote.codec.w3c.W3CHttpResponseCodec.decode(W3CHttpResponseCodec.java:133)
	at org.openqa.selenium.remote.codec.w3c.W3CHttpResponseCodec.decode(W3CHttpResponseCodec.java:53)
	at org.openqa.selenium.remote.HttpCommandExecutor.execute(HttpCommandExecutor.java:184)
	at org.openqa.selenium.remote.service.DriverCommandExecutor.invokeExecute(DriverCommandExecutor.java:167)
	at org.openqa.selenium.remote.service.DriverCommandExecutor.execute(DriverCommandExecutor.java:142)
	at org.openqa.selenium.remote.RemoteWebDriver.execute(RemoteWebDriver.java:567)
	at org.openqa.selenium.remote.ElementLocation$ElementFinder$2.findElement(ElementLocation.java:162)
	at org.openqa.selenium.remote.ElementLocation.findElement(ElementLocation.java:60)
	at org.openqa.selenium.remote.RemoteWebDriver.findElement(RemoteWebDriver.java:385)
	at org.openqa.selenium.remote.RemoteWebDriver.findElement(RemoteWebDriver.java:377)
	at org.openqa.selenium.support.pagefactory.DefaultElementLocator.findElement(DefaultElementLocator.java:70)
	at org.openqa.selenium.support.pagefactory.internal.LocatingElementHandler.invoke(LocatingElementHandler.java:39)
	at com.sun.proxy.$Proxy23.sendKeys(Unknown Source)
	at stepDefinitions.AmazonDefinitions.kullaniciAdresineGidilir(AmazonDefinitions.java:115)
	at ✽.Kullanici "https://sso.catchprobe.com/"  adresine gidilir(file:///C:/Users/ASUS/IdeaProjects/SSO/src/test/resources/features/US1001_amazonSearch.feature:21)
]]>
        </failure>
    </testcase>
</testsuite>
